<?xml version="1.0" encoding="UTF-8"?>
<!-- Generated by org.testng.reporters.JUnitReportReporter -->
<testsuite hostname="ATMECSINDT-006" failures="0" tests="1" name="com.atmecs.orangrhr.OrangeHR" time="10.813" errors="0" timestamp="29 Aug 2019 06:14:20 GMT" skipped="0">
  <testcase classname="com.atmecs.orangrhr.OrangeHR" name="test" time="10.813"/>
</testsuite> <!-- com.atmecs.orangrhr.OrangeHR -->
