<?xml version="1.0" encoding="UTF-8"?>
<!-- Generated by org.testng.reporters.JUnitReportReporter -->
<testsuite hostname="ATMECSINDT-006" failures="0" tests="1" name="com.atmecs.orangrhr.Driver" time="16.877" errors="0" timestamp="30 Aug 2019 13:15:35 GMT" skipped="0">
  <testcase classname="com.atmecs.orangrhr.Driver" name="InitializeBrowser" time="16.877"/>
</testsuite> <!-- com.atmecs.orangrhr.Driver -->
