<?xml version="1.0" encoding="UTF-8"?>
<!-- Generated by org.testng.reporters.JUnitReportReporter -->
<testsuite hostname="ATMECSINDT-006" failures="0" tests="2" name="com.atmecs.orangrhr.BoardingCity" time="9.747" errors="0" timestamp="30 Aug 2019 10:52:42 GMT" skipped="0">
  <testcase classname="com.atmecs.orangrhr.BoardingCity" name="url" time="6.216"/>
  <testcase classname="com.atmecs.orangrhr.BoardingCity" name="Boarding" time="3.531"/>
</testsuite> <!-- com.atmecs.orangrhr.BoardingCity -->
