<?xml version="1.0" encoding="UTF-8"?>
<!-- Generated by org.testng.reporters.JUnitReportReporter -->
<testsuite hostname="ATMECSINDT-006" failures="0" tests="1" name="com.atmecs.orangrhr.ClearTrip" time="41.226" errors="0" timestamp="04 Sep 2019 11:33:35 GMT" skipped="0">
  <testcase classname="com.atmecs.orangrhr.ClearTrip" name="flight" time="41.226"/>
</testsuite> <!-- com.atmecs.orangrhr.ClearTrip -->
