<?xml version="1.0" encoding="UTF-8"?>
<!-- Generated by org.testng.reporters.JUnitReportReporter -->
<testsuite hostname="ATMECSINDT-006" failures="0" tests="6" name="com.atmecs.orangrhr.SearchBuses" time="14.746" errors="0" timestamp="30 Aug 2019 10:40:20 GMT" skipped="0">
  <testcase classname="com.atmecs.orangrhr.SearchBuses" name="url" time="6.923"/>
  <testcase classname="com.atmecs.orangrhr.SearchBuses" name="Boarding" time="3.215"/>
  <testcase classname="com.atmecs.orangrhr.SearchBuses" name="Destination" time="3.169"/>
  <testcase classname="com.atmecs.orangrhr.SearchBuses" name="Start" time="0.224"/>
  <testcase classname="com.atmecs.orangrhr.SearchBuses" name="Return" time="0.250"/>
  <testcase classname="com.atmecs.orangrhr.SearchBuses" name="search" time="0.965"/>
</testsuite> <!-- com.atmecs.orangrhr.SearchBuses -->
