<?xml version="1.0" encoding="UTF-8"?>
<!-- Generated by org.testng.reporters.JUnitReportReporter -->
<testsuite hostname="ATMECSINDT-006" failures="0" tests="3" name="com.atmecs.orangrhr.DestinationCity" time="15.666" errors="0" timestamp="30 Aug 2019 10:38:43 GMT" skipped="0">
  <testcase classname="com.atmecs.orangrhr.DestinationCity" name="url" time="8.343"/>
  <testcase classname="com.atmecs.orangrhr.DestinationCity" name="Boarding" time="4.144"/>
  <testcase classname="com.atmecs.orangrhr.DestinationCity" name="Destination" time="3.179"/>
</testsuite> <!-- com.atmecs.orangrhr.DestinationCity -->
