<?xml version="1.0" encoding="UTF-8"?>
<!-- Generated by org.testng.reporters.JUnitReportReporter -->
<testsuite hostname="ATMECSINDT-006" failures="0" tests="4" name="com.atmecs.Flight.Bookingsteps" time="47.049" errors="0" timestamp="06 Sep 2019 14:29:52 GMT" skipped="0">
  <testcase classname="com.atmecs.Flight.Bookingsteps" name="setBrowser" time="10.867"/>
  <testcase classname="com.atmecs.Flight.Bookingsteps" name="selectBrowser" time="2.499"/>
  <testcase classname="com.atmecs.Flight.Bookingsteps" name="select" time="15.615"/>
  <testcase classname="com.atmecs.Flight.Bookingsteps" name="booking" time="18.068"/>
</testsuite> <!-- com.atmecs.Flight.Bookingsteps -->
