<?xml version="1.0" encoding="UTF-8"?>
<!-- Generated by org.testng.reporters.JUnitReportReporter -->
<testsuite hostname="ATMECSINDT-006" failures="0" tests="1" name="com.atmecs.orangrhr.Flightxls" time="0.000" errors="0" timestamp="05 Sep 2019 12:18:00 GMT" skipped="1">
  <testcase classname="com.atmecs.orangrhr.Flightxls" name="test" time="0.000">
    <skipped/>
  </testcase> <!-- test -->
</testsuite> <!-- com.atmecs.orangrhr.Flightxls -->
