<?xml version="1.0" encoding="UTF-8"?>
<!-- Generated by org.testng.reporters.JUnitReportReporter -->
<testsuite hostname="ATMECSINDT-006" failures="0" tests="1" name="com.atmecs.orangrhr.Redbus" time="3.222" errors="0" timestamp="03 Sep 2019 04:59:47 GMT" skipped="0">
  <testcase classname="com.atmecs.orangrhr.Redbus" name="launch" time="3.222"/>
</testsuite> <!-- com.atmecs.orangrhr.Redbus -->
